#-----------------------------------------------------------
# Vivado v2019.2.1 (64-bit)
# SW Build 2729669 on Thu Dec  5 04:49:17 MST 2019
# IP Build 2729494 on Thu Dec  5 07:38:25 MST 2019
# Start of session at: Tue Feb 16 01:12:54 2021
# Process ID: 9000
# Current directory: C:/Users/koki-ryu/core_pipeline3
# Command line: vivado.exe -gui_launcher_event rodinguilauncherevent14348 C:\Users\koki-ryu\core_pipeline3\core_pipeline3.xpr
# Log file: C:/Users/koki-ryu/core_pipeline3/vivado.log
# Journal file: C:/Users/koki-ryu/core_pipeline3\vivado.jou
#-----------------------------------------------------------
start_gui
open_project C:/Users/koki-ryu/core_pipeline3/core_pipeline3.xpr
INFO: [Project 1-313] Project file moved from 'C:/Users/koki-ryu/core_pipeline' since last save.
WARNING: [Project 1-312] File not found as 'C:/Users/koki-ryu/core_pipeline3/core_pipeline3.srcs/sources_1/imports/cpuex/FPU/module/FPU.v'; using path 'C:/Users/koki-ryu/core_pipeline/core_pipeline.srcs/sources_1/imports/cpuex/FPU/module/FPU.v' instead.
WARNING: [Project 1-312] File not found as 'C:/Users/koki-ryu/core_pipeline3/core_pipeline3.srcs/sources_1/imports/cpuex/core/block_ram.v'; using path 'C:/Users/koki-ryu/core_pipeline/core_pipeline.srcs/sources_1/imports/cpuex/core/block_ram.v' instead.
WARNING: [Project 1-312] File not found as 'C:/Users/koki-ryu/core_pipeline3/core_pipeline3.srcs/sources_1/imports/cpuex/core/exec.v'; using path 'C:/Users/koki-ryu/core_pipeline/core_pipeline.srcs/sources_1/imports/cpuex/core/exec.v' instead.
WARNING: [Project 1-312] File not found as 'C:/Users/koki-ryu/core_pipeline3/core_pipeline3.srcs/sources_1/imports/cpuex/FPU/module/fabsneg.v'; using path 'C:/Users/koki-ryu/core_pipeline/core_pipeline.srcs/sources_1/imports/cpuex/FPU/module/fabsneg.v' instead.
WARNING: [Project 1-312] File not found as 'C:/Users/koki-ryu/core_pipeline3/core_pipeline3.srcs/sources_1/imports/cpuex/FPU/module/fadd.v'; using path 'C:/Users/koki-ryu/core_pipeline/core_pipeline.srcs/sources_1/imports/cpuex/FPU/module/fadd.v' instead.
WARNING: [Project 1-312] File not found as 'C:/Users/koki-ryu/core_pipeline3/core_pipeline3.srcs/sources_1/imports/cpuex/FPU/module/fdiv.v'; using path 'C:/Users/koki-ryu/core_pipeline/core_pipeline.srcs/sources_1/imports/cpuex/FPU/module/fdiv.v' instead.
WARNING: [Project 1-312] File not found as 'C:/Users/koki-ryu/core_pipeline3/core_pipeline3.srcs/sources_1/imports/cpuex/FPU/module/feq.v'; using path 'C:/Users/koki-ryu/core_pipeline/core_pipeline.srcs/sources_1/imports/cpuex/FPU/module/feq.v' instead.
WARNING: [Project 1-312] File not found as 'C:/Users/koki-ryu/core_pipeline3/core_pipeline3.srcs/sources_1/imports/cpuex/FPU/module/fhalf.v'; using path 'C:/Users/koki-ryu/core_pipeline/core_pipeline.srcs/sources_1/imports/cpuex/FPU/module/fhalf.v' instead.
WARNING: [Project 1-312] File not found as 'C:/Users/koki-ryu/core_pipeline3/core_pipeline3.srcs/sources_1/imports/cpuex/FPU/module/finv.v'; using path 'C:/Users/koki-ryu/core_pipeline/core_pipeline.srcs/sources_1/imports/cpuex/FPU/module/finv.v' instead.
WARNING: [Project 1-312] File not found as 'C:/Users/koki-ryu/core_pipeline3/core_pipeline3.srcs/sources_1/imports/cpuex/FPU/module/finv_load_table.v'; using path 'C:/Users/koki-ryu/core_pipeline/core_pipeline.srcs/sources_1/imports/cpuex/FPU/module/finv_load_table.v' instead.
WARNING: [Project 1-312] File not found as 'C:/Users/koki-ryu/core_pipeline3/core_pipeline3.srcs/sources_1/imports/cpuex/FPU/module/fis.v'; using path 'C:/Users/koki-ryu/core_pipeline/core_pipeline.srcs/sources_1/imports/cpuex/FPU/module/fis.v' instead.
WARNING: [Project 1-312] File not found as 'C:/Users/koki-ryu/core_pipeline3/core_pipeline3.srcs/sources_1/imports/cpuex/FPU/module/fle.v'; using path 'C:/Users/koki-ryu/core_pipeline/core_pipeline.srcs/sources_1/imports/cpuex/FPU/module/fle.v' instead.
WARNING: [Project 1-312] File not found as 'C:/Users/koki-ryu/core_pipeline3/core_pipeline3.srcs/sources_1/imports/cpuex/FPU/module/fless.v'; using path 'C:/Users/koki-ryu/core_pipeline/core_pipeline.srcs/sources_1/imports/cpuex/FPU/module/fless.v' instead.
WARNING: [Project 1-312] File not found as 'C:/Users/koki-ryu/core_pipeline3/core_pipeline3.srcs/sources_1/imports/cpuex/FPU/module/floor.v'; using path 'C:/Users/koki-ryu/core_pipeline/core_pipeline.srcs/sources_1/imports/cpuex/FPU/module/floor.v' instead.
WARNING: [Project 1-312] File not found as 'C:/Users/koki-ryu/core_pipeline3/core_pipeline3.srcs/sources_1/imports/cpuex/FPU/module/fminmax.v'; using path 'C:/Users/koki-ryu/core_pipeline/core_pipeline.srcs/sources_1/imports/cpuex/FPU/module/fminmax.v' instead.
WARNING: [Project 1-312] File not found as 'C:/Users/koki-ryu/core_pipeline3/core_pipeline3.srcs/sources_1/imports/module/fmul.v'; using path 'C:/Users/koki-ryu/core_pipeline/core_pipeline.srcs/sources_1/imports/module/fmul.v' instead.
WARNING: [Project 1-312] File not found as 'C:/Users/koki-ryu/core_pipeline3/core_pipeline3.srcs/sources_1/imports/cpuex/FPU/module/fsub.v'; using path 'C:/Users/koki-ryu/core_pipeline/core_pipeline.srcs/sources_1/imports/cpuex/FPU/module/fsub.v' instead.
WARNING: [Project 1-312] File not found as 'C:/Users/koki-ryu/core_pipeline3/core_pipeline3.srcs/sources_1/imports/cpuex/FPU/module/ftoi.v'; using path 'C:/Users/koki-ryu/core_pipeline/core_pipeline.srcs/sources_1/imports/cpuex/FPU/module/ftoi.v' instead.
WARNING: [Project 1-312] File not found as 'C:/Users/koki-ryu/core_pipeline3/core_pipeline3.srcs/sources_1/imports/cpuex/core/instr_mem.v'; using path 'C:/Users/koki-ryu/core_pipeline/core_pipeline.srcs/sources_1/imports/cpuex/core/instr_mem.v' instead.
WARNING: [Project 1-312] File not found as 'C:/Users/koki-ryu/core_pipeline3/core_pipeline3.srcs/sources_1/imports/cpuex/FPU/module/itof.v'; using path 'C:/Users/koki-ryu/core_pipeline/core_pipeline.srcs/sources_1/imports/cpuex/FPU/module/itof.v' instead.
WARNING: [Project 1-312] File not found as 'C:/Users/koki-ryu/core_pipeline3/core_pipeline3.srcs/sources_1/imports/cpuex/core/mem_pipe.v'; using path 'C:/Users/koki-ryu/core_pipeline/core_pipeline.srcs/sources_1/imports/cpuex/core/mem_pipe.v' instead.
WARNING: [Project 1-312] File not found as 'C:/Users/koki-ryu/core_pipeline3/core_pipeline3.srcs/sources_1/imports/cpuex/core/registerfile.v'; using path 'C:/Users/koki-ryu/core_pipeline/core_pipeline.srcs/sources_1/imports/cpuex/core/registerfile.v' instead.
WARNING: [Project 1-312] File not found as 'C:/Users/koki-ryu/core_pipeline3/core_pipeline3.srcs/sources_1/imports/cpuex/FPU/module/sqrt.v'; using path 'C:/Users/koki-ryu/core_pipeline/core_pipeline.srcs/sources_1/imports/cpuex/FPU/module/sqrt.v' instead.
WARNING: [Project 1-312] File not found as 'C:/Users/koki-ryu/core_pipeline3/core_pipeline3.srcs/sources_1/imports/cpuex/FPU/module/sqrt_load_table.v'; using path 'C:/Users/koki-ryu/core_pipeline/core_pipeline.srcs/sources_1/imports/cpuex/FPU/module/sqrt_load_table.v' instead.
WARNING: [Project 1-312] File not found as 'C:/Users/koki-ryu/core_pipeline3/core_pipeline3.srcs/sources_1/imports/cpuex/core/ALU.sv'; using path 'C:/Users/koki-ryu/core_pipeline/core_pipeline.srcs/sources_1/imports/cpuex/core/ALU.sv' instead.
WARNING: [Project 1-312] File not found as 'C:/Users/koki-ryu/core_pipeline3/core_pipeline3.srcs/sources_1/imports/cpuex/core/decode.sv'; using path 'C:/Users/koki-ryu/core_pipeline/core_pipeline.srcs/sources_1/imports/cpuex/core/decode.sv' instead.
WARNING: [Project 1-312] File not found as 'C:/Users/koki-ryu/core_pipeline3/core_pipeline3.srcs/sources_1/imports/cpuex/core/uart_rx.sv'; using path 'C:/Users/koki-ryu/core_pipeline/core_pipeline.srcs/sources_1/imports/cpuex/core/uart_rx.sv' instead.
WARNING: [Project 1-312] File not found as 'C:/Users/koki-ryu/core_pipeline3/core_pipeline3.srcs/sources_1/imports/cpuex/core/uart_tx.sv'; using path 'C:/Users/koki-ryu/core_pipeline/core_pipeline.srcs/sources_1/imports/cpuex/core/uart_tx.sv' instead.
WARNING: [Project 1-312] File not found as 'C:/Users/koki-ryu/core_pipeline3/core_pipeline3.srcs/sources_1/imports/cpuex/core/core.v'; using path 'C:/Users/koki-ryu/core_pipeline/core_pipeline.srcs/sources_1/imports/cpuex/core/core.v' instead.
WARNING: [Project 1-312] File not found as 'C:/Users/koki-ryu/core_pipeline3/core_pipeline3.srcs/sources_1/bd/design_1/design_1.bd'; using path 'C:/Users/koki-ryu/core_pipeline/core_pipeline.srcs/sources_1/bd/design_1/design_1.bd' instead.
WARNING: [Project 1-312] File not found as 'C:/Users/koki-ryu/core_pipeline3/core_pipeline3.srcs/sources_1/bd/design_1/hdl/design_1_wrapper.v'; using path 'C:/Users/koki-ryu/core_pipeline/core_pipeline.srcs/sources_1/bd/design_1/hdl/design_1_wrapper.v' instead.
WARNING: [Project 1-312] File not found as 'C:/Users/koki-ryu/core_pipeline3/core_pipeline3.srcs/sources_1/imports/tests/fib_from_compiler_in_out_b.mem'; using path 'C:/Users/koki-ryu/core_pipeline/core_pipeline.srcs/sources_1/imports/tests/fib_from_compiler_in_out_b.mem' instead.
WARNING: [Project 1-312] File not found as 'C:/Users/koki-ryu/core_pipeline3/core_pipeline3.srcs/sources_1/imports/min-rt/min-rtASCII128.inst.mem'; using path 'C:/Users/koki-ryu/core_pipeline/core_pipeline.srcs/sources_1/imports/min-rt/min-rtASCII128.inst.mem' instead.
WARNING: [Project 1-312] File not found as 'C:/Users/koki-ryu/core_pipeline3/core_pipeline3.srcs/sources_1/imports/min-rt/min-rtASCII128.data.mem'; using path 'C:/Users/koki-ryu/core_pipeline/core_pipeline.srcs/sources_1/imports/min-rt/min-rtASCII128.data.mem' instead.
WARNING: [Project 1-312] File not found as 'C:/Users/koki-ryu/core_pipeline3/core_pipeline3.srcs/sources_1/imports/tests/min-rt.inst.mem'; using path 'C:/Users/koki-ryu/core_pipeline/core_pipeline.srcs/sources_1/imports/tests/min-rt.inst.mem' instead.
WARNING: [Project 1-312] File not found as 'C:/Users/koki-ryu/core_pipeline3/core_pipeline3.srcs/sources_1/imports/tests/min-rt.data.mem'; using path 'C:/Users/koki-ryu/core_pipeline/core_pipeline.srcs/sources_1/imports/tests/min-rt.data.mem' instead.
WARNING: [Project 1-312] File not found as 'C:/Users/koki-ryu/core_pipeline3/core_pipeline3.srcs/constrs_1/imports/new/kcu.xdc'; using path 'C:/Users/koki-ryu/core_pipeline/core_pipeline.srcs/constrs_1/imports/new/kcu.xdc' instead.
Scanning sources...
Finished scanning sources
WARNING: [Project 1-509] GeneratedRun file for 'synth_1' not found
WARNING: [Project 1-509] GeneratedRun file for 'design_1_util_vector_logic_0_0_synth_1' not found
WARNING: [Project 1-509] GeneratedRun file for 'design_1_core_0_0_synth_1' not found
WARNING: [Project 1-509] GeneratedRun file for 'impl_1' not found
INFO: [filemgmt 56-1] IPUserFilesDir: Directory not found as 'C:/Users/koki-ryu/core_pipeline3/core_pipeline3.ip_user_files'; using path 'C:/Users/koki-ryu/core_pipeline/core_pipeline.ip_user_files' instead.
INFO: [IP_Flow 19-234] Refreshing IP repositories
INFO: [IP_Flow 19-1704] No user IP repositories specified
INFO: [IP_Flow 19-2313] Loaded Vivado IP repository 'C:/Xilinx/Vivado/2019.2/data/ip'.
open_project: Time (s): cpu = 00:00:32 ; elapsed = 00:00:21 . Memory (MB): peak = 1143.293 ; gain = 484.848
update_compile_order -fileset sources_1
erface 'rst' of definition 'xilinx.com:signal:reset:1.0' (from Xilinx Repository).
INFO: [IP_Flow 19-5107] Inferred bus interface 'clk' of definition 'xilinx.com:signal:clock:1.0' (from Xilinx Repository).
INFO: [IP_Flow 19-4728] Bus Interface 'clk': Added interface parameter 'ASSOCIATED_RESET' with value 'rst'.
WARNING: [IP_Flow 19-3153] Bus Interface 'clk': ASSOCIATED_BUSIF bus parameter is missing.
INFO: [IP_Flow 19-234] Refreshing IP repositories
INFO: [IP_Flow 19-1704] No user IP repositories specified
update_compile_order -fileset sources_1
update_files -from_files C:/Users/koki-ryu/Documents/cpuex/FPU/module/FPU.v -to_files C:/Users/koki-ryu/core_pipeline/core_pipeline.srcs/sources_1/imports/cpuex/FPU/module/FPU.v -filesets [get_filesets *]
INFO: [filemgmt 20-762] Replacing file 'C:/Users/koki-ryu/core_pipeline/core_pipeline.srcs/sources_1/imports/cpuex/FPU/module/FPU.v' with file 'C:/Users/koki-ryu/Documents/cpuex/FPU/module/FPU.v'.
INFO: [filemgmt 20-1080] Importing file from 'C:/Users/koki-ryu/Documents/cpuex/FPU/module/FPU.v' to 'C:/Users/koki-ryu/core_pipeline/core_pipeline.srcs/sources_1/imports/cpuex/FPU/module/FPU.v'.
update_files -from_files C:/Users/koki-ryu/Documents/cpuex/FPU/module/fadd.v -to_files C:/Users/koki-ryu/core_pipeline/core_pipeline.srcs/sources_1/imports/cpuex/FPU/module/fadd.v -filesets [get_filesets *]
INFO: [filemgmt 20-762] Replacing file 'C:/Users/koki-ryu/core_pipeline/core_pipeline.srcs/sources_1/imports/cpuex/FPU/module/fadd.v' with file 'C:/Users/koki-ryu/Documents/cpuex/FPU/module/fadd.v'.
INFO: [filemgmt 20-1080] Importing file from 'C:/Users/koki-ryu/Documents/cpuex/FPU/module/fadd.v' to 'C:/Users/koki-ryu/core_pipeline/core_pipeline.srcs/sources_1/imports/cpuex/FPU/module/fadd.v'.
update_files -from_files C:/Users/koki-ryu/Documents/cpuex/FPU/module/fsub.v -to_files C:/Users/koki-ryu/core_pipeline/core_pipeline.srcs/sources_1/imports/cpuex/FPU/module/fsub.v -filesets [get_filesets *]
INFO: [filemgmt 20-762] Replacing file 'C:/Users/koki-ryu/core_pipeline/core_pipeline.srcs/sources_1/imports/cpuex/FPU/module/fsub.v' with file 'C:/Users/koki-ryu/Documents/cpuex/FPU/module/fsub.v'.
INFO: [filemgmt 20-1080] Importing file from 'C:/Users/koki-ryu/Documents/cpuex/FPU/module/fsub.v' to 'C:/Users/koki-ryu/core_pipeline/core_pipeline.srcs/sources_1/imports/cpuex/FPU/module/fsub.v'.
update_files -from_files C:/Users/koki-ryu/Documents/cpuex/FPU/module/fmul.v -to_files C:/Users/koki-ryu/core_pipeline/core_pipeline.srcs/sources_1/imports/module/fmul.v -filesets [get_filesets *]
INFO: [filemgmt 20-762] Replacing file 'C:/Users/koki-ryu/core_pipeline/core_pipeline.srcs/sources_1/imports/module/fmul.v' with file 'C:/Users/koki-ryu/Documents/cpuex/FPU/module/fmul.v'.
INFO: [filemgmt 20-1080] Importing file from 'C:/Users/koki-ryu/Documents/cpuex/FPU/module/fmul.v' to 'C:/Users/koki-ryu/core_pipeline/core_pipeline.srcs/sources_1/imports/module/fmul.v'.
update_files -from_files C:/Users/koki-ryu/Documents/cpuex/FPU/module/finv.v -to_files C:/Users/koki-ryu/core_pipeline/core_pipeline.srcs/sources_1/imports/cpuex/FPU/module/finv.v -filesets [get_filesets *]
INFO: [filemgmt 20-762] Replacing file 'C:/Users/koki-ryu/core_pipeline/core_pipeline.srcs/sources_1/imports/cpuex/FPU/module/finv.v' with file 'C:/Users/koki-ryu/Documents/cpuex/FPU/module/finv.v'.
INFO: [filemgmt 20-1080] Importing file from 'C:/Users/koki-ryu/Documents/cpuex/FPU/module/finv.v' to 'C:/Users/koki-ryu/core_pipeline/core_pipeline.srcs/sources_1/imports/cpuex/FPU/module/finv.v'.
update_files -from_files C:/Users/koki-ryu/Documents/cpuex/FPU/module/finv_load_table.v -to_files C:/Users/koki-ryu/core_pipeline/core_pipeline.srcs/sources_1/imports/cpuex/FPU/module/finv_load_table.v -filesets [get_filesets *]
INFO: [filemgmt 20-762] Replacing file 'C:/Users/koki-ryu/core_pipeline/core_pipeline.srcs/sources_1/imports/cpuex/FPU/module/finv_load_table.v' with file 'C:/Users/koki-ryu/Documents/cpuex/FPU/module/finv_load_table.v'.
INFO: [filemgmt 20-1080] Importing file from 'C:/Users/koki-ryu/Documents/cpuex/FPU/module/finv_load_table.v' to 'C:/Users/koki-ryu/core_pipeline/core_pipeline.srcs/sources_1/imports/cpuex/FPU/module/finv_load_table.v'.
update_files -from_files C:/Users/koki-ryu/Documents/cpuex/FPU/module/fdiv.v -to_files C:/Users/koki-ryu/core_pipeline/core_pipeline.srcs/sources_1/imports/cpuex/FPU/module/fdiv.v -filesets [get_filesets *]
INFO: [filemgmt 20-762] Replacing file 'C:/Users/koki-ryu/core_pipeline/core_pipeline.srcs/sources_1/imports/cpuex/FPU/module/fdiv.v' with file 'C:/Users/koki-ryu/Documents/cpuex/FPU/module/fdiv.v'.
INFO: [filemgmt 20-1080] Importing file from 'C:/Users/koki-ryu/Documents/cpuex/FPU/module/fdiv.v' to 'C:/Users/koki-ryu/core_pipeline/core_pipeline.srcs/sources_1/imports/cpuex/FPU/module/fdiv.v'.
update_files -from_files C:/Users/koki-ryu/Documents/cpuex/FPU/module/finv.v -to_files C:/Users/koki-ryu/core_pipeline/core_pipeline.srcs/sources_1/imports/cpuex/FPU/module/finv.v -filesets [get_filesets *]
INFO: [filemgmt 20-762] Replacing file 'C:/Users/koki-ryu/core_pipeline/core_pipeline.srcs/sources_1/imports/cpuex/FPU/module/finv.v' with file 'C:/Users/koki-ryu/Documents/cpuex/FPU/module/finv.v'.
INFO: [filemgmt 20-1080] Importing file from 'C:/Users/koki-ryu/Documents/cpuex/FPU/module/finv.v' to 'C:/Users/koki-ryu/core_pipeline/core_pipeline.srcs/sources_1/imports/cpuex/FPU/module/finv.v'.
update_files -from_files C:/Users/koki-ryu/Documents/cpuex/FPU/module/finv_load_table.v -to_files C:/Users/koki-ryu/core_pipeline/core_pipeline.srcs/sources_1/imports/cpuex/FPU/module/finv_load_table.v -filesets [get_filesets *]
INFO: [filemgmt 20-762] Replacing file 'C:/Users/koki-ryu/core_pipeline/core_pipeline.srcs/sources_1/imports/cpuex/FPU/module/finv_load_table.v' with file 'C:/Users/koki-ryu/Documents/cpuex/FPU/module/finv_load_table.v'.
INFO: [filemgmt 20-1080] Importing file from 'C:/Users/koki-ryu/Documents/cpuex/FPU/module/finv_load_table.v' to 'C:/Users/koki-ryu/core_pipeline/core_pipeline.srcs/sources_1/imports/cpuex/FPU/module/finv_load_table.v'.
update_files -from_files C:/Users/koki-ryu/Documents/cpuex/FPU/module/fmul.v -to_files C:/Users/koki-ryu/core_pipeline/core_pipeline.srcs/sources_1/imports/module/fmul.v -filesets [get_filesets *]
INFO: [filemgmt 20-762] Replacing file 'C:/Users/koki-ryu/core_pipeline/core_pipeline.srcs/sources_1/imports/module/fmul.v' with file 'C:/Users/koki-ryu/Documents/cpuex/FPU/module/fmul.v'.
INFO: [filemgmt 20-1080] Importing file from 'C:/Users/koki-ryu/Documents/cpuex/FPU/module/fmul.v' to 'C:/Users/koki-ryu/core_pipeline/core_pipeline.srcs/sources_1/imports/module/fmul.v'.
update_files -from_files C:/Users/koki-ryu/Documents/cpuex/FPU/module/fhalf.v -to_files C:/Users/koki-ryu/core_pipeline/core_pipeline.srcs/sources_1/imports/cpuex/FPU/module/fhalf.v -filesets [get_filesets *]
INFO: [filemgmt 20-762] Replacing file 'C:/Users/koki-ryu/core_pipeline/core_pipeline.srcs/sources_1/imports/cpuex/FPU/module/fhalf.v' with file 'C:/Users/koki-ryu/Documents/cpuex/FPU/module/fhalf.v'.
INFO: [filemgmt 20-1080] Importing file from 'C:/Users/koki-ryu/Documents/cpuex/FPU/module/fhalf.v' to 'C:/Users/koki-ryu/core_pipeline/core_pipeline.srcs/sources_1/imports/cpuex/FPU/module/fhalf.v'.
update_files -from_files C:/Users/koki-ryu/Documents/cpuex/FPU/module/ftoi.v -to_files C:/Users/koki-ryu/core_pipeline/core_pipeline.srcs/sources_1/imports/cpuex/FPU/module/ftoi.v -filesets [get_filesets *]
INFO: [filemgmt 20-762] Replacing file 'C:/Users/koki-ryu/core_pipeline/core_pipeline.srcs/sources_1/imports/cpuex/FPU/module/ftoi.v' with file 'C:/Users/koki-ryu/Documents/cpuex/FPU/module/ftoi.v'.
INFO: [filemgmt 20-1080] Importing file from 'C:/Users/koki-ryu/Documents/cpuex/FPU/module/ftoi.v' to 'C:/Users/koki-ryu/core_pipeline/core_pipeline.srcs/sources_1/imports/cpuex/FPU/module/ftoi.v'.
update_files -from_files C:/Users/koki-ryu/Documents/cpuex/FPU/module/itof.v -to_files C:/Users/koki-ryu/core_pipeline/core_pipeline.srcs/sources_1/imports/cpuex/FPU/module/itof.v -filesets [get_filesets *]
INFO: [filemgmt 20-762] Replacing file 'C:/Users/koki-ryu/core_pipeline/core_pipeline.srcs/sources_1/imports/cpuex/FPU/module/itof.v' with file 'C:/Users/koki-ryu/Documents/cpuex/FPU/module/itof.v'.
INFO: [filemgmt 20-1080] Importing file from 'C:/Users/koki-ryu/Documents/cpuex/FPU/module/itof.v' to 'C:/Users/koki-ryu/core_pipeline/core_pipeline.srcs/sources_1/imports/cpuex/FPU/module/itof.v'.
update_files -from_files C:/Users/koki-ryu/Documents/cpuex/FPU/module/floor.v -to_files C:/Users/koki-ryu/core_pipeline/core_pipeline.srcs/sources_1/imports/cpuex/FPU/module/floor.v -filesets [get_filesets *]
INFO: [filemgmt 20-762] Replacing file 'C:/Users/koki-ryu/core_pipeline/core_pipeline.srcs/sources_1/imports/cpuex/FPU/module/floor.v' with file 'C:/Users/koki-ryu/Documents/cpuex/FPU/module/floor.v'.
INFO: [filemgmt 20-1080] Importing file from 'C:/Users/koki-ryu/Documents/cpuex/FPU/module/floor.v' to 'C:/Users/koki-ryu/core_pipeline/core_pipeline.srcs/sources_1/imports/cpuex/FPU/module/floor.v'.
update_files -from_files C:/Users/koki-ryu/Documents/cpuex/FPU/module/feq.v -to_files C:/Users/koki-ryu/core_pipeline/core_pipeline.srcs/sources_1/imports/cpuex/FPU/module/feq.v -filesets [get_filesets *]
INFO: [filemgmt 20-762] Replacing file 'C:/Users/koki-ryu/core_pipeline/core_pipeline.srcs/sources_1/imports/cpuex/FPU/module/feq.v' with file 'C:/Users/koki-ryu/Documents/cpuex/FPU/module/feq.v'.
INFO: [filemgmt 20-1080] Importing file from 'C:/Users/koki-ryu/Documents/cpuex/FPU/module/feq.v' to 'C:/Users/koki-ryu/core_pipeline/core_pipeline.srcs/sources_1/imports/cpuex/FPU/module/feq.v'.
update_files -from_files C:/Users/koki-ryu/Documents/cpuex/FPU/module/fle.v -to_files C:/Users/koki-ryu/core_pipeline/core_pipeline.srcs/sources_1/imports/cpuex/FPU/module/fle.v -filesets [get_filesets *]
INFO: [filemgmt 20-762] Replacing file 'C:/Users/koki-ryu/core_pipeline/core_pipeline.srcs/sources_1/imports/cpuex/FPU/module/fle.v' with file 'C:/Users/koki-ryu/Documents/cpuex/FPU/module/fle.v'.
INFO: [filemgmt 20-1080] Importing file from 'C:/Users/koki-ryu/Documents/cpuex/FPU/module/fle.v' to 'C:/Users/koki-ryu/core_pipeline/core_pipeline.srcs/sources_1/imports/cpuex/FPU/module/fle.v'.
update_files -from_files C:/Users/koki-ryu/Documents/cpuex/FPU/module/fabsneg.v -to_files C:/Users/koki-ryu/core_pipeline/core_pipeline.srcs/sources_1/imports/cpuex/FPU/module/fabsneg.v -filesets [get_filesets *]
INFO: [filemgmt 20-762] Replacing file 'C:/Users/koki-ryu/core_pipeline/core_pipeline.srcs/sources_1/imports/cpuex/FPU/module/fabsneg.v' with file 'C:/Users/koki-ryu/Documents/cpuex/FPU/module/fabsneg.v'.
INFO: [filemgmt 20-1080] Importing file from 'C:/Users/koki-ryu/Documents/cpuex/FPU/module/fabsneg.v' to 'C:/Users/koki-ryu/core_pipeline/core_pipeline.srcs/sources_1/imports/cpuex/FPU/module/fabsneg.v'.
update_files -from_files C:/Users/koki-ryu/Documents/cpuex/FPU/module/fabsneg.v -to_files C:/Users/koki-ryu/core_pipeline/core_pipeline.srcs/sources_1/imports/cpuex/FPU/module/fabsneg.v -filesets [get_filesets *]
INFO: [filemgmt 20-762] Replacing file 'C:/Users/koki-ryu/core_pipeline/core_pipeline.srcs/sources_1/imports/cpuex/FPU/module/fabsneg.v' with file 'C:/Users/koki-ryu/Documents/cpuex/FPU/module/fabsneg.v'.
INFO: [filemgmt 20-1080] Importing file from 'C:/Users/koki-ryu/Documents/cpuex/FPU/module/fabsneg.v' to 'C:/Users/koki-ryu/core_pipeline/core_pipeline.srcs/sources_1/imports/cpuex/FPU/module/fabsneg.v'.
update_files -from_files C:/Users/koki-ryu/Documents/cpuex/FPU/module/fless.v -to_files C:/Users/koki-ryu/core_pipeline/core_pipeline.srcs/sources_1/imports/cpuex/FPU/module/fless.v -filesets [get_filesets *]
INFO: [filemgmt 20-762] Replacing file 'C:/Users/koki-ryu/core_pipeline/core_pipeline.srcs/sources_1/imports/cpuex/FPU/module/fless.v' with file 'C:/Users/koki-ryu/Documents/cpuex/FPU/module/fless.v'.
INFO: [filemgmt 20-1080] Importing file from 'C:/Users/koki-ryu/Documents/cpuex/FPU/module/fless.v' to 'C:/Users/koki-ryu/core_pipeline/core_pipeline.srcs/sources_1/imports/cpuex/FPU/module/fless.v'.
update_files -from_files C:/Users/koki-ryu/Documents/cpuex/FPU/module/fminmax.v -to_files C:/Users/koki-ryu/core_pipeline/core_pipeline.srcs/sources_1/imports/cpuex/FPU/module/fminmax.v -filesets [get_filesets *]
INFO: [filemgmt 20-762] Replacing file 'C:/Users/koki-ryu/core_pipeline/core_pipeline.srcs/sources_1/imports/cpuex/FPU/module/fminmax.v' with file 'C:/Users/koki-ryu/Documents/cpuex/FPU/module/fminmax.v'.
INFO: [filemgmt 20-1080] Importing file from 'C:/Users/koki-ryu/Documents/cpuex/FPU/module/fminmax.v' to 'C:/Users/koki-ryu/core_pipeline/core_pipeline.srcs/sources_1/imports/cpuex/FPU/module/fminmax.v'.
update_files -from_files C:/Users/koki-ryu/Documents/cpuex/FPU/module/fminmax.v -to_files C:/Users/koki-ryu/core_pipeline/core_pipeline.srcs/sources_1/imports/cpuex/FPU/module/fminmax.v -filesets [get_filesets *]
INFO: [filemgmt 20-762] Replacing file 'C:/Users/koki-ryu/core_pipeline/core_pipeline.srcs/sources_1/imports/cpuex/FPU/module/fminmax.v' with file 'C:/Users/koki-ryu/Documents/cpuex/FPU/module/fminmax.v'.
INFO: [filemgmt 20-1080] Importing file from 'C:/Users/koki-ryu/Documents/cpuex/FPU/module/fminmax.v' to 'C:/Users/koki-ryu/core_pipeline/core_pipeline.srcs/sources_1/imports/cpuex/FPU/module/fminmax.v'.
update_files -from_files C:/Users/koki-ryu/Documents/cpuex/FPU/module/fis.v -to_files C:/Users/koki-ryu/core_pipeline/core_pipeline.srcs/sources_1/imports/cpuex/FPU/module/fis.v -filesets [get_filesets *]
INFO: [filemgmt 20-762] Replacing file 'C:/Users/koki-ryu/core_pipeline/core_pipeline.srcs/sources_1/imports/cpuex/FPU/module/fis.v' with file 'C:/Users/koki-ryu/Documents/cpuex/FPU/module/fis.v'.
INFO: [filemgmt 20-1080] Importing file from 'C:/Users/koki-ryu/Documents/cpuex/FPU/module/fis.v' to 'C:/Users/koki-ryu/core_pipeline/core_pipeline.srcs/sources_1/imports/cpuex/FPU/module/fis.v'.
update_files -from_files C:/Users/koki-ryu/Documents/cpuex/FPU/module/sqrt.v -to_files C:/Users/koki-ryu/core_pipeline/core_pipeline.srcs/sources_1/imports/cpuex/FPU/module/sqrt.v -filesets [get_filesets *]
INFO: [filemgmt 20-762] Replacing file 'C:/Users/koki-ryu/core_pipeline/core_pipeline.srcs/sources_1/imports/cpuex/FPU/module/sqrt.v' with file 'C:/Users/koki-ryu/Documents/cpuex/FPU/module/sqrt.v'.
INFO: [filemgmt 20-1080] Importing file from 'C:/Users/koki-ryu/Documents/cpuex/FPU/module/sqrt.v' to 'C:/Users/koki-ryu/core_pipeline/core_pipeline.srcs/sources_1/imports/cpuex/FPU/module/sqrt.v'.
update_files -from_files C:/Users/koki-ryu/Documents/cpuex/FPU/module/sqrt_load_table.v -to_files C:/Users/koki-ryu/core_pipeline/core_pipeline.srcs/sources_1/imports/cpuex/FPU/module/sqrt_load_table.v -filesets [get_filesets *]
INFO: [filemgmt 20-762] Replacing file 'C:/Users/koki-ryu/core_pipeline/core_pipeline.srcs/sources_1/imports/cpuex/FPU/module/sqrt_load_table.v' with file 'C:/Users/koki-ryu/Documents/cpuex/FPU/module/sqrt_load_table.v'.
INFO: [filemgmt 20-1080] Importing file from 'C:/Users/koki-ryu/Documents/cpuex/FPU/module/sqrt_load_table.v' to 'C:/Users/koki-ryu/core_pipeline/core_pipeline.srcs/sources_1/imports/cpuex/FPU/module/sqrt_load_table.v'.
update_files -from_files C:/Users/koki-ryu/Documents/cpuex/FPU/module/fmul.v -to_files C:/Users/koki-ryu/core_pipeline/core_pipeline.srcs/sources_1/imports/module/fmul.v -filesets [get_filesets *]
INFO: [filemgmt 20-762] Replacing file 'C:/Users/koki-ryu/core_pipeline/core_pipeline.srcs/sources_1/imports/module/fmul.v' with file 'C:/Users/koki-ryu/Documents/cpuex/FPU/module/fmul.v'.
INFO: [filemgmt 20-1080] Importing file from 'C:/Users/koki-ryu/Documents/cpuex/FPU/module/fmul.v' to 'C:/Users/koki-ryu/core_pipeline/core_pipeline.srcs/sources_1/imports/module/fmul.v'.
update_module_reference design_1_core_0_0
INFO: [IP_Flow 19-5107] Inferred bus interface 'rst' of definition 'xilinx.com:signal:reset:1.0' (from Xilinx Repository).
INFO: [IP_Flow 19-5107] Inferred bus interface 'clk' of definition 'xilinx.com:signal:clock:1.0' (from Xilinx Repository).
INFO: [IP_Flow 19-4728] Bus Interface 'clk': Added interface parameter 'ASSOCIATED_RESET' with value 'rst'.
WARNING: [IP_Flow 19-3153] Bus Interface 'clk': ASSOCIATED_BUSIF bus parameter is missing.
INFO: [IP_Flow 19-234] Refreshing IP repositories
INFO: [IP_Flow 19-1704] No user IP repositories specified
Adding component instance block -- xilinx.com:ip:clk_wiz:6.0 - clk_wiz
Adding component instance block -- xilinx.com:ip:util_vector_logic:2.0 - util_vector_logic_0
Adding component instance block -- xilinx.com:module_ref:core:1.0 - core_0
Successfully read diagram <design_1> from BD file <C:/Users/koki-ryu/core_pipeline/core_pipeline.srcs/sources_1/bd/design_1/design_1.bd>
Upgrading 'C:/Users/koki-ryu/core_pipeline/core_pipeline.srcs/sources_1/bd/design_1/design_1.bd'
INFO: [IP_Flow 19-3420] Updated design_1_core_0_0 to use current project options
Wrote  : <C:\Users\koki-ryu\core_pipeline\core_pipeline.srcs\sources_1\bd\design_1\design_1.bd> 
upgrade_ip: Time (s): cpu = 00:00:14 ; elapsed = 00:00:11 . Memory (MB): peak = 1359.859 ; gain = 156.535
update_module_reference: Time (s): cpu = 00:00:14 ; elapsed = 00:00:12 . Memory (MB): peak = 1359.859 ; gain = 156.535
launch_runs impl_1 -to_step write_bitstream -jobs 12
WARNING: [BD 41-927] Following properties on pin /core_0/clk have been updated from connected ip. They may not be synchronized with cell properties. You can set property on pin directly to confirm the value and resolve the warning.
	PHASE=0.0 
Wrote  : <C:\Users\koki-ryu\core_pipeline\core_pipeline.srcs\sources_1\bd\design_1\design_1.bd> 
VHDL Output written to : C:/Users/koki-ryu/core_pipeline/core_pipeline.srcs/sources_1/bd/design_1/synth/design_1.v
VHDL Output written to : C:/Users/koki-ryu/core_pipeline/core_pipeline.srcs/sources_1/bd/design_1/sim/design_1.v
VHDL Output written to : C:/Users/koki-ryu/core_pipeline/core_pipeline.srcs/sources_1/bd/design_1/hdl/design_1_wrapper.v
INFO: [BD 41-1029] Generation completed for the IP Integrator block core_0 .
INFO: [BD 41-1029] Generation completed for the IP Integrator block clk_wiz .
INFO: [BD 41-1029] Generation completed for the IP Integrator block util_vector_logic_0 .
Exporting to file C:/Users/koki-ryu/core_pipeline/core_pipeline.srcs/sources_1/bd/design_1/hw_handoff/design_1.hwh
Generated Block Design Tcl file C:/Users/koki-ryu/core_pipeline/core_pipeline.srcs/sources_1/bd/design_1/hw_handoff/design_1_bd.tcl
Generated Hardware Definition File C:/Users/koki-ryu/core_pipeline/core_pipeline.srcs/sources_1/bd/design_1/synth/design_1.hwdef
[Tue Feb 16 01:17:57 2021] Launched design_1_util_vector_logic_0_0_synth_1, design_1_core_0_0_synth_1, synth_1...
Run output will be captured here:
design_1_util_vector_logic_0_0_synth_1: C:/Users/koki-ryu/core_pipeline3/core_pipeline3.runs/design_1_util_vector_logic_0_0_synth_1/runme.log
design_1_core_0_0_synth_1: C:/Users/koki-ryu/core_pipeline3/core_pipeline3.runs/design_1_core_0_0_synth_1/runme.log
synth_1: C:/Users/koki-ryu/core_pipeline3/core_pipeline3.runs/synth_1/runme.log
[Tue Feb 16 01:17:57 2021] Launched impl_1...
Run output will be captured here: C:/Users/koki-ryu/core_pipeline3/core_pipeline3.runs/impl_1/runme.log
launch_runs: Time (s): cpu = 00:00:03 ; elapsed = 00:00:07 . Memory (MB): peak = 1482.805 ; gain = 122.945
